[companyC3] Meu lance no artefato cobj_2, Task SitePreparation, é 1900
[companyC1] Meu lance no artefato cobj_2, Task SitePreparation, é 1900
[companyC5] Meu lance no artefato cobj_2, Task SitePreparation, é 1900
[companyB] Meu lance no artefato cobj_2 é 1850
[companyE] Meu lance no artefato cobj_2, Task Floors, é 990
[companyA] Meu lance no artefato cobj_2 é 300
[companyC4] Meu lance no artefato cobj_2, Task SitePreparation, é 1900
[companyC2] Meu lance no artefato cobj_2, Task SitePreparation, é 1900
[companyC1] Meu lance no artefato cobj_4, Task Floors, é 900
[companyC4] Meu lance no artefato cobj_4, Task Floors, é 900
[companyE] Meu lance no artefato cobj_2, Task Floors, é 890
[companyC4] Meu lance no artefato cobj_5, Task Walls, é 900
[companyE] Meu lance no artefato cobj_4, Task Walls, é 990
[companyE] Meu lance no artefato cobj_4, Task Walls, é 890
[companyC2] Meu lance no artefato cobj_6, Task Roof, é 1100
[companyC4] Meu lance no artefato cobj_6, Task Roof, é 1100
[companyC1] Meu lance no artefato cobj_6, Task Roof, é 1100
[companyE] Meu lance no artefato cobj_5, Task Roof, é 1090
[companyC4] Meu lance no artefato cobj_7, Task WindowsDoors, é 2000
[companyD5] Meu lance no artefato cobj_4 é 2443
[companyD10] Meu lance no artefato cobj_6 é 5386
[companyD7] Meu lance no artefato cobj_2 é 9954
[companyC4] Meu lance no artefato cobj_9, Task ElectricalSystem, é 300
[companyD4] Meu lance no artefato cobj_6 é 4767
[companyC2] Meu lance no artefato cobj_8, Task WindowsDoors, é 2000
[companyD5] Meu lance no artefato cobj_2 é 6909
[companyC5] Meu lance no artefato cobj_7, Task WindowsDoors, é 2000
[companyC3] Meu lance no artefato cobj_7, Task WindowsDoors, é 2000
[companyC1] Meu lance no artefato cobj_7, Task WindowsDoors, é 2000
[companyC3] Meu lance no artefato cobj_8, Task ElectricalSystem, é 300
[companyC2] Meu lance no artefato cobj_9, Task ElectricalSystem, é 300
[companyC5] Meu lance no artefato cobj_9, Task ElectricalSystem, é 300
[companyC5] Meu lance no artefato cobj_10, Task Painting, é 1100
[companyD7] Meu lance no artefato cobj_8 é 4566
[companyD10] Meu lance no artefato cobj_4 é 6275
[companyD9] Meu lance no artefato cobj_7 é 7162
[companyD7] Meu lance no artefato cobj_5 é 7463
[companyD10] Meu lance no artefato cobj_9 é 7791
[companyD12] Meu lance no artefato cobj_9 é 1043
[companyD3] Meu lance no artefato cobj_6 é 7297
[companyD12] Meu lance no artefato cobj_8 é 10055
[companyD4] Meu lance no artefato cobj_2 é 7318
[companyD1] Meu lance no artefato cobj_2 é 7431
[companyD9] Meu lance no artefato cobj_10 é 8142
[companyD8] Meu lance no artefato cobj_6 é 8294
[companyD12] Meu lance no artefato cobj_4 é 2385
[companyD1] Meu lance no artefato cobj_8 é 4928
[companyD4] Meu lance no artefato cobj_10 é 4390
[companyC3] Meu lance no artefato cobj_10, Task Painting, é 1100
[companyD12] Meu lance no artefato cobj_2 é 4081
[companyD6] Meu lance no artefato cobj_5 é 8200
[companyD2] Meu lance no artefato cobj_9 é 2914
[companyD9] Meu lance no artefato cobj_9 é 4994
[companyD6] Meu lance no artefato cobj_9 é 7199
[companyD2] Meu lance no artefato cobj_4 é 6440
[companyD12] Meu lance no artefato cobj_7 é 8715
[companyD3] Meu lance no artefato cobj_10 é 5410
[companyD13] Meu lance no artefato cobj_7 é 2498
[companyD5] Meu lance no artefato cobj_8 é 5884
[companyD3] Meu lance no artefato cobj_7 é 9846
[companyD3] Meu lance no artefato cobj_5 é 5853
[companyD11] Meu lance no artefato cobj_9 é 5965
[companyD5] Meu lance no artefato cobj_5 é 3177
[companyD13] Meu lance no artefato cobj_2 é 7545
[companyD1] Meu lance no artefato cobj_4 é 9163
[companyD12] Meu lance no artefato cobj_6 é 4450
[companyD6] Meu lance no artefato cobj_6 é 3255
[companyD8] Meu lance no artefato cobj_5 é 2530
[companyD3] Meu lance no artefato cobj_8 é 826
[companyD11] Meu lance no artefato cobj_2 é 3841
[companyD5] Meu lance no artefato cobj_7 é 4133
[companyD5] Meu lance no artefato cobj_6 é 3501
[companyD4] Meu lance no artefato cobj_4 é 6459
[companyD10] Meu lance no artefato cobj_7 é 9436
[companyD2] Meu lance no artefato cobj_6 é 4493
[companyD2] Meu lance no artefato cobj_2 é 4990
[companyD11] Meu lance no artefato cobj_10 é 3956
[companyD2] Meu lance no artefato cobj_5 é 8722
[companyD3] Meu lance no artefato cobj_2 é 3091
[companyD4] Meu lance no artefato cobj_5 é 2745
[companyD11] Meu lance no artefato cobj_5 é 1013
[companyD12] Meu lance no artefato cobj_10 é 8273
[companyD8] Meu lance no artefato cobj_10 é 10317
[companyD2] Meu lance no artefato cobj_8 é 9328
[companyD9] Meu lance no artefato cobj_5 é 7087
[companyD4] Meu lance no artefato cobj_9 é 5732
[companyD10] Meu lance no artefato cobj_2 é 9958
[companyD4] Meu lance no artefato cobj_7 é 6991
[companyD5] Meu lance no artefato cobj_10 é 5887
[companyD9] Meu lance no artefato cobj_6 é 3044
[companyD2] Meu lance no artefato cobj_7 é 3153
[companyD13] Meu lance no artefato cobj_6 é 8361
[companyD13] Meu lance no artefato cobj_8 é 7035
[companyD11] Meu lance no artefato cobj_4 é 6094
[companyD8] Meu lance no artefato cobj_8 é 6948
[companyD9] Meu lance no artefato cobj_8 é 1312
[companyD13] Meu lance no artefato cobj_4 é 8251
[companyD6] Meu lance no artefato cobj_4 é 3127
[companyD1] Meu lance no artefato cobj_9 é 8459
[companyD1] Meu lance no artefato cobj_10 é 4585
[companyD10] Meu lance no artefato cobj_10 é 10577
[companyD13] Meu lance no artefato cobj_5 é 10350
[companyD6] Meu lance no artefato cobj_2 é 3237
[companyD7] Meu lance no artefato cobj_10 é 6908
[companyD6] Meu lance no artefato cobj_8 é 2122
[companyD1] Meu lance no artefato cobj_5 é 5449
[companyD8] Meu lance no artefato cobj_2 é 9525
[companyD10] Meu lance no artefato cobj_5 é 5659
[companyD4] Meu lance no artefato cobj_8 é 1065
[companyD6] Meu lance no artefato cobj_7 é 6847
[companyD8] Meu lance no artefato cobj_9 é 7362
[companyD10] Meu lance no artefato cobj_8 é 5017
[companyD3] Meu lance no artefato cobj_4 é 8967
[companyD7] Meu lance no artefato cobj_6 é 7433
[companyD7] Meu lance no artefato cobj_4 é 5292
[companyD12] Meu lance no artefato cobj_5 é 8151
[companyD5] Meu lance no artefato cobj_9 é 4070
[companyD7] Meu lance no artefato cobj_7 é 5703
[companyD7] Meu lance no artefato cobj_9 é 7510
[companyD9] Meu lance no artefato cobj_4 é 4234
[companyD9] Meu lance no artefato cobj_2 é 9067
[companyD11] Meu lance no artefato cobj_7 é 4407
[companyD13] Meu lance no artefato cobj_9 é 9758
[companyD1] Meu lance no artefato cobj_7 é 9998
[companyD2] Meu lance no artefato cobj_10 é 7329
[companyD8] Meu lance no artefato cobj_7 é 4657
[companyD1] Meu lance no artefato cobj_6 é 10013
[companyD8] Meu lance no artefato cobj_4 é 1935
[companyD6] Meu lance no artefato cobj_10 é 5130
[companyD11] Meu lance no artefato cobj_6 é 5942
[companyD3] Meu lance no artefato cobj_9 é 9276
[companyD13] Meu lance no artefato cobj_10 é 5725
[companyD11] Meu lance no artefato cobj_8 é 7541
[companyB] I am obliged to commit to prepare_site on bhsch... doing so
[companyC5] I am obliged to commit to paint_house on bhsch... doing so
[companyA] I am obliged to commit to install_plumbing on bhsch... doing so
[companyC4] I am obliged to commit to fit_windows on bhsch... doing so
[companyC4] I am obliged to commit to fit_doors on bhsch... doing so
[companyC4] I am obliged to commit to install_electrical_system on bhsch... doing so
[companyE] I am obliged to commit to lay_floors on bhsch... doing so
[companyE] I am obliged to commit to build_walls on bhsch... doing so
[companyE] I am obliged to commit to build_roof on bhsch... doing so
