[companyC5] My bid in artifact cobj_2, at Task SitePreparation, is 1900
[companyC2] My bid in artifact cobj_2, at Task SitePreparation, is 1900
[companyC1] My bid in artifact cobj_2, at Task SitePreparation, is 1900
[companyC4] My bid in artifact cobj_2, at Task SitePreparation, is 1900
[companyC3] My bid in artifact cobj_2, at Task SitePreparation, is 1900
[companyA] My bid in artifact cobj_2 is 300
[companyE] My bid in artifact cobj_2, at Task Floors, is 990
[companyB] My bid in artifact cobj_2 is 1850
[companyD12] My bid in artifact cobj_2 is 8842
[companyE] My bid in artifact cobj_4, at Task Roof, is 1990
[companyE] My bid in artifact cobj_5, at Task Walls, is 990
[companyC1] My bid in artifact cobj_4, at Task Floors, is 900
[companyC3] My bid in artifact cobj_4, at Task Floors, is 900
[companyC5] My bid in artifact cobj_4, at Task Floors, is 900
[companyC4] My bid in artifact cobj_4, at Task Floors, is 900
[companyC2] My bid in artifact cobj_4, at Task Floors, is 900
[companyC5] My bid in artifact cobj_5, at Task Walls, is 900
[companyE] My bid in artifact cobj_2, at Task Floors, is 890
[companyC1] My bid in artifact cobj_5, at Task Walls, is 900
[companyC2] My bid in artifact cobj_5, at Task Walls, is 900
[companyC3] My bid in artifact cobj_5, at Task Walls, is 900
[companyE] My bid in artifact cobj_5, at Task Walls, is 890
[companyC4] My bid in artifact cobj_5, at Task Walls, is 900
[companyD10] My bid in artifact cobj_4 is 1880
[companyC1] My bid in artifact cobj_6, at Task Roof, is 1100
[companyC2] My bid in artifact cobj_6, at Task Roof, is 1100
[companyD9] My bid in artifact cobj_4 is 5822
[companyD4] My bid in artifact cobj_2 is 3636
[companyC1] My bid in artifact cobj_7, at Task WindowsDoors, is 2000
[companyD1] My bid in artifact cobj_7 is 6378
[companyC2] My bid in artifact cobj_7, at Task WindowsDoors, is 2000
[companyC4] My bid in artifact cobj_6, at Task WindowsDoors, is 2000
[companyC3] My bid in artifact cobj_6, at Task Roof, is 1100
[companyE] My bid in artifact cobj_4, at Task Roof, is 1090
[companyC5] My bid in artifact cobj_6, at Task Roof, is 1100
[companyD2] My bid in artifact cobj_4 is 4734
[companyD11] My bid in artifact cobj_6 is 5813
[companyD2] My bid in artifact cobj_2 is 8586
[companyD2] My bid in artifact cobj_6 is 5049
[companyD9] My bid in artifact cobj_2 is 1336
[companyC3] My bid in artifact cobj_7, at Task WindowsDoors, is 2000
[companyC5] My bid in artifact cobj_7, at Task WindowsDoors, is 2000
[companyC1] My bid in artifact cobj_10, at Task Painting, is 1100
[companyC4] My bid in artifact cobj_9, at Task Painting, is 1100
[companyC2] My bid in artifact cobj_9, at Task ElectricalSystem, is 300
[companyD12] My bid in artifact cobj_5 is 10539
[companyC5] My bid in artifact cobj_8, at Task Painting, is 1100
[companyD4] My bid in artifact cobj_4 is 9561
[companyC3] My bid in artifact cobj_9, at Task ElectricalSystem, is 300
[companyD8] My bid in artifact cobj_8 is 2294
[companyC2] My bid in artifact cobj_10, at Task Painting, is 1100
[companyC5] My bid in artifact cobj_9, at Task ElectricalSystem, is 300
[companyD7] My bid in artifact cobj_2 is 4913
[companyD11] My bid in artifact cobj_8 is 7336
[companyD4] My bid in artifact cobj_7 is 2099
[companyD5] My bid in artifact cobj_2 is 6694
[companyD7] My bid in artifact cobj_5 is 8927
[companyD6] My bid in artifact cobj_9 is 8169
[companyD12] My bid in artifact cobj_9 is 4125
[companyD10] My bid in artifact cobj_7 is 3548
[companyD4] My bid in artifact cobj_8 is 9750
[companyD9] My bid in artifact cobj_7 is 9160
[companyD9] My bid in artifact cobj_8 is 4204
[companyD8] My bid in artifact cobj_2 is 5720
[companyD5] My bid in artifact cobj_5 is 3254
[companyD7] My bid in artifact cobj_6 is 8961
[companyD9] My bid in artifact cobj_9 is 1129
[companyD11] My bid in artifact cobj_10 is 1862
[companyD1] My bid in artifact cobj_9 is 7963
[companyD13] My bid in artifact cobj_9 is 2207
[companyD7] My bid in artifact cobj_4 is 7941
[companyD12] My bid in artifact cobj_7 is 5258
[companyD9] My bid in artifact cobj_10 is 8814
[companyD8] My bid in artifact cobj_6 is 7376
[companyD6] My bid in artifact cobj_5 is 3374
[companyD13] My bid in artifact cobj_4 is 6442
[companyD5] My bid in artifact cobj_8 is 8186
[companyD11] My bid in artifact cobj_2 is 5122
[companyD4] My bid in artifact cobj_10 is 7100
[companyD12] My bid in artifact cobj_4 is 8861
[companyD8] My bid in artifact cobj_5 is 10076
[companyD11] My bid in artifact cobj_9 is 2563
[companyD8] My bid in artifact cobj_10 is 1061
[companyD1] My bid in artifact cobj_10 is 9499
[companyD12] My bid in artifact cobj_10 is 5990
[companyD6] My bid in artifact cobj_10 is 3979
[companyD1] My bid in artifact cobj_2 is 7646
[companyD3] My bid in artifact cobj_2 is 5332
[companyD8] My bid in artifact cobj_7 is 10693
[companyD13] My bid in artifact cobj_2 is 5103
[companyD7] My bid in artifact cobj_10 is 7589
[companyD4] My bid in artifact cobj_9 is 3353
[companyD10] My bid in artifact cobj_9 is 9271
[companyD12] My bid in artifact cobj_6 is 3598
[companyD12] My bid in artifact cobj_8 is 10249
[companyD10] My bid in artifact cobj_10 is 6063
[companyD10] My bid in artifact cobj_8 is 10343
[companyD3] My bid in artifact cobj_9 is 10611
[companyD11] My bid in artifact cobj_7 is 4662
[companyD5] My bid in artifact cobj_9 is 5429
[companyD6] My bid in artifact cobj_2 is 1793
[companyD3] My bid in artifact cobj_10 is 7793
[companyD11] My bid in artifact cobj_5 is 3166
[companyD13] My bid in artifact cobj_8 is 9931
[companyD6] My bid in artifact cobj_4 is 7999
[companyD6] My bid in artifact cobj_6 is 2069
[companyD4] My bid in artifact cobj_5 is 1694
[companyD8] My bid in artifact cobj_9 is 5659
[companyD10] My bid in artifact cobj_6 is 9815
[companyD9] My bid in artifact cobj_6 is 7330
[companyD3] My bid in artifact cobj_5 is 6145
[companyD2] My bid in artifact cobj_10 is 6690
[companyD3] My bid in artifact cobj_4 is 9074
[companyD13] My bid in artifact cobj_7 is 6083
[companyD5] My bid in artifact cobj_7 is 7695
[companyD7] My bid in artifact cobj_8 is 4160
[companyD2] My bid in artifact cobj_5 is 6899
[companyD5] My bid in artifact cobj_4 is 1664
[companyD10] My bid in artifact cobj_2 is 9371
[companyD6] My bid in artifact cobj_7 is 7712
[companyD5] My bid in artifact cobj_6 is 8586
[companyD8] My bid in artifact cobj_4 is 1778
[companyD1] My bid in artifact cobj_8 is 2933
[companyD10] My bid in artifact cobj_5 is 4315
[companyD11] My bid in artifact cobj_4 is 8697
[companyD1] My bid in artifact cobj_5 is 3857
[companyD2] My bid in artifact cobj_7 is 7348
[companyD13] My bid in artifact cobj_6 is 5531
[companyD4] My bid in artifact cobj_6 is 6399
[companyD3] My bid in artifact cobj_6 is 10530
[companyD7] My bid in artifact cobj_9 is 8696
[companyD13] My bid in artifact cobj_5 is 5248
[companyD5] My bid in artifact cobj_10 is 3845
[companyD3] My bid in artifact cobj_8 is 7400
[companyD2] My bid in artifact cobj_9 is 4288
[companyD1] My bid in artifact cobj_4 is 6118
[companyD7] My bid in artifact cobj_7 is 8819
[companyD1] My bid in artifact cobj_6 is 4234
[companyD2] My bid in artifact cobj_8 is 1328
[companyD3] My bid in artifact cobj_7 is 8073
[companyD9] My bid in artifact cobj_5 is 5277
[companyD13] My bid in artifact cobj_10 is 6082
[companyD6] My bid in artifact cobj_8 is 2954
[companyD9] I am obliged to commit to prepare_site on bhsch... doing so
[companyC1] I am obliged to commit to fit_windows on bhsch... doing so
[companyD8] I am obliged to commit to paint_house on bhsch... doing so
[companyC2] I am obliged to commit to install_electrical_system on bhsch... doing so
[companyA] I am obliged to commit to install_plumbing on bhsch... doing so
[companyE] I am obliged to commit to lay_floors on bhsch... doing so
[companyE] I am obliged to commit to build_walls on bhsch... doing so
[companyC1] I am obliged to commit to fit_doors on bhsch... doing so
[companyE] I am obliged to commit to build_roof on bhsch... doing so
[companyC4] Start sense
[companyC1] Start sense
[giacomo] Start sense
[companyD13] Start sense
[companyD9] Start sense
[companyD10] Start sense
[companyD12] Start sense
[companyD8] Start sense
[companyD7] Start sense
[companyD4] Start sense
[companyE] Start sense
[companyB] Start sense
[companyD1] Start sense
[companyD3] Start sense
[companyD11] Start sense
[companyD6] Start sense
[companyC5] Start sense
[companyA] Start sense
[companyD5] Start sense
[companyC3] Start sense
[companyC2] Start sense
[companyD2] Start sense
[companyD1] Start sense
[companyD8] Start sense
[companyD9] Start sense
[giacomo] Start sense
[companyD7] Start sense
[companyB] Start sense
[companyE] Start sense
[companyD10] Start sense
[companyD2] Start sense
[companyC2] Start sense
[companyD3] Start sense
[companyD5] Start sense
[companyD11] Start sense
[companyD12] Start sense
[companyC3] Start sense
[companyD4] Start sense
[companyA] Start sense
[companyC5] Start sense
[companyC4] Start sense
[companyD6] Start sense
[companyD13] Start sense
[companyC1] Start sense
[companyD1] Start sense
[companyD6] Start sense
[companyD10] Start sense
[companyD11] Start sense
[giacomo] Start sense
[companyD9] Start sense
[companyC1] Start sense
[companyD8] Start sense
[companyD3] Start sense
[companyE] Start sense
[companyB] Start sense
[companyD13] Start sense
[companyC2] Start sense
[companyD4] Start sense
[companyA] Start sense
[companyD7] Start sense
[companyC5] Start sense
[companyC4] Start sense
[companyD2] Start sense
[companyD5] Start sense
[companyD12] Start sense
[companyC3] Start sense
